git-lfs/3.6.1 (GitHub; darwin arm64; go 1.23.4)
git version 2.48.1

$ git-lfs prune --force
Prune error: error in `git log`: exit status 128 fatal: not a git repository (or any of the parent directories): .git


error in `git log`: exit status 128 fatal: not a git repository (or any of the parent directories): .git

github.com/git-lfs/git-lfs/v3/errors.New
	github.com/git-lfs/git-lfs/v3/errors/errors.go:62
github.com/git-lfs/git-lfs/v3/lfs.parseScannerLogOutput.func2
	github.com/git-lfs/git-lfs/v3/lfs/gitscanner_log.go:163
runtime.goexit
	runtime/asm_arm64.s:1223

Current time in UTC:
2026-02-07 00:42:58

Environment:
LocalWorkingDir=
LocalGitDir=
LocalGitStorageDir=
LocalMediaDir=lfs/objects
LocalReferenceDirs=
TempDir=lfs/tmp
ConcurrentTransfers=8
TusTransfers=false
BasicTransfersOnly=false
SkipDownloadErrors=false
FetchRecentAlways=false
FetchRecentRefsDays=7
FetchRecentCommitsDays=0
FetchRecentRefsIncludeRemotes=true
PruneOffsetDays=3
PruneVerifyRemoteAlways=false
PruneVerifyUnreachableAlways=false
PruneRemoteName=origin
LfsStorageDir=lfs
AccessDownload=none
AccessUpload=none
DownloadTransfers=basic,lfs-standalone-file,ssh
UploadTransfers=basic,lfs-standalone-file,ssh
GIT_ASKPASS=/Applications/Visual Studio Code.app/Contents/Resources/app/extensions/git/dist/askpass.sh
GIT_EXEC_PATH=/opt/homebrew/opt/git/libexec/git-core

Client IP addresses:
fe80::3380:ea1e:1565:2667
fe80::3471:7dae:53bf:9b72
192.168.12.224
fe80::6861:7eff:feab:2491
fe80::6861:7eff:feab:2491
fe80::c741:c754:2cea:82d1
fe80::ce81:b1c:bd2c:69e
10.100.0.2
fe80::2039:2ebc:2ed5:9418
fe80::fdcd:1781:7c84:9c5d
